<?xml version="1.0" encoding="UTF-8"?>
<!-- Generated by org.testng.reporters.JUnitXMLReporter -->
<testsuite hostname="rpas" ignored="0" name="Command line test" tests="47" failures="9" timestamp="19 Jul 2018 12:10:14 GMT" time="431.019" errors="0">
  <testcase name="change_status_ivr" time="10.535" classname="surveys.Test_27_Change_Status_IVR"/>
  <testcase name="change_status_digi" time="9.262" classname="surveys.Test_28_Change_Status_DIGI"/>
  <testcase name="delete_questionText_ivr" time="8.003" classname="surveys.Test_16_Delete_QuestionText_IVR"/>
  <testcase name="remove_questionnaire" time="7.811" classname="surveys.Test_20_Remove_Questionnaire"/>
  <testcase name="delete_question_digi" time="7.797" classname="surveys.Test_35_Delete_Question_DIGI"/>
  <testcase name="change_status_web" time="7.917" classname="surveys.Test_25_Change_Status_WEB"/>
  <testcase name="create_web_channel" time="7.629" classname="surveys.Test_2_Create_WEB_Channel"/>
  <testcase name="create_ivr_channel" time="7.66" classname="surveys.Test_4_Create_IVR_Channel"/>
  <testcase name="search_by_customerId" time="7.982" classname="surveys.Test_22_Search_by_CustomerId"/>
  <testcase name="add_questions_ivr" time="7.62" classname="surveys.Test_8_Add_Question_IVR"/>
  <testcase name="reordering_survey" time="8.092" classname="surveys.Test_30_Reordering_Survey"/>
  <testcase name="add_questions_sms" time="7.413" classname="surveys.Test_7_Add_Question_SMS"/>
  <testcase name="createSurvey" time="10.816" classname="surveys.Test_1_Create_Survey"/>
  <testcase name="add_questions_digi" time="7.407" classname="surveys.Test_9_Add_Question_DIGI"/>
  <testcase name="delete_questionText_web" time="7.26" classname="surveys.Test_14_Delete_QuestionText_WEB"/>
  <testcase name="add_multi_question" time="7.482" classname="surveys.Test_18_Add_Multi_Question"/>
  <testcase name="add_questions_web" time="7.396" classname="surveys.Test_6_Add_Question_WEB"/>
  <testcase name="delete_questionText_digi" time="7.388" classname="surveys.Test_17_Delete_QuestionText_DIGI"/>
  <testcase name="update_questionText_web" time="7.523" classname="surveys.Test_10_Update_QuestionText_WEB"/>
  <testcase name="copy_survey" time="7.187" classname="surveys.Test_24_Copy_Survey"/>
  <testcase name="send_invitation" time="7.484" classname="surveys.Test_23_Send_Invitation"/>
  <testcase name="update_quetionText_sms" time="7.393" classname="surveys.Test_11_Update_QuestionText_SMS"/>
  <testcase name="search_by_address" time="7.391" classname="surveys.Test_21_Search_by_Address"/>
  <testcase name="delete_question_ivr" time="7.719" classname="surveys.Test_34_Delete_Question_IVR"/>
  <testcase name="delete_questionText_sms" time="7.407" classname="surveys.Test_15_Delete_QuestionText_SMS"/>
  <testcase name="delete_question_web" time="7.678" classname="surveys.Test_32_Delete_Question_WEB"/>
  <testcase name="static_survey_link" time="8.069" classname="surveys.Test_19_Static_Survey_Link"/>
  <testcase name="create_digi_channel" time="7.744" classname="surveys.Test_5_Create_DIGI_Channel"/>
  <testcase name="reordering_questions" time="7.873" classname="surveys.Test_31_Reordering_Questions"/>
  <testcase name="update_questionText_ivr" time="7.344" classname="surveys.Test_12_Update_QuestionText_IVR"/>
  <testcase name="update_questionText_digi" time="7.591" classname="surveys.Test_13_Update_QuestionText_DIGI"/>
  <testcase name="create_sms_channel" time="7.986" classname="surveys.Test_3_Create_SMS_Channel"/>
  <testcase name="response_rate" time="7.837" classname="surveys.Test_29_Response_Rate"/>
  <testcase name="change_status_sms" time="7.188" classname="surveys.Test_26_Change_Status_SMS"/>
  <testcase name="delete_question_sms" time="7.325" classname="surveys.Test_33_Delete_Question_SMS"/>
  <testcase name="test10" time="26.644" classname="cjm.Test_10_Add_Survey_to_Touchpoint"/>
  <testcase name="test11" time="35.211" classname="cjm.Test_11_Delete_Survey_into_Touchpoint"/>
  <testcase name="test_3" time="22.255" classname="cjm.Test_3_Update_CJM"/>
  <testcase name="test7" time="26.091" classname="cjm.Test_7_Read_Touchpoint">
    <failure type="com.codeborne.selenide.ex.ElementNotFound" message="Element not found {.toggle-panel-title.findBy(text &amp;apos;new_touchpoint_cjm::19.07.2018_15:09&amp;apos;)}
Expected: visible">
      <![CDATA[Element not found {.toggle-panel-title.findBy(text 'new_touchpoint_cjm::19.07.2018_15:09')}
Expected: visible
Screenshot: file:/home/tester/IdeaProjects/SandSIV/build/reports/tests/1532002167196.0.png
Page source: file:/home/tester/IdeaProjects/SandSIV/build/reports/tests/1532002167196.0.html
Timeout: 4 s.
Caused by: Element not found {.toggle-panel-title.findBy(text 'new_touchpoint_cjm::19.07.2018_15:09')}
Expected: text 'new_touchpoint_cjm::19.07.2018_15:09'
Screenshot: null
Timeout: 0 ms.
at com.codeborne.selenide.impl.WebElementSource.createElementNotFoundError(WebElementSource.java:31)
at com.codeborne.selenide.impl.CollectionElementByCondition.createElementNotFoundError(CollectionElementByCondition.java:53)
at com.codeborne.selenide.impl.WebElementSource.checkCondition(WebElementSource.java:59)
at com.codeborne.selenide.commands.Should.should(Should.java:35)
at com.codeborne.selenide.commands.Should.execute(Should.java:29)
at com.codeborne.selenide.commands.Should.execute(Should.java:12)
at com.codeborne.selenide.commands.Commands.execute(Commands.java:144)
at com.codeborne.selenide.impl.SelenideElementProxy.dispatchAndRetry(SelenideElementProxy.java:87)
at com.codeborne.selenide.impl.SelenideElementProxy.invoke(SelenideElementProxy.java:63)
at com.sun.proxy.$Proxy3.shouldBe(Unknown Source)
at cjm.Test_7_Read_Touchpoint.test7(Test_7_Read_Touchpoint.java:65)
Caused by: Element not found {.toggle-panel-title.findBy(text 'new_touchpoint_cjm::19.07.2018_15:09')}
Expected: text 'new_touchpoint_cjm::19.07.2018_15:09'
Screenshot: null
Timeout: 0 ms.
at com.codeborne.selenide.impl.CollectionElementByCondition.getWebElement(CollectionElementByCondition.java:39)
at com.codeborne.selenide.impl.WebElementSource.checkCondition(WebElementSource.java:44)
... 43 more
... Removed 35 stack frames]]>
    </failure>
  </testcase> <!-- test7 -->
  <testcase name="test12" time="5.777" classname="cjm.Test_12_Dashboard_link_Touchpoint">
    <failure type="com.codeborne.selenide.ex.ElementNotFound" message="Element not found {#username}
Expected: visible">
      <![CDATA[Element not found {#username}
Expected: visible
Screenshot: file:/home/tester/IdeaProjects/SandSIV/build/reports/tests/1532002172327.1.png
Page source: file:/home/tester/IdeaProjects/SandSIV/build/reports/tests/1532002172327.1.html
Timeout: 4 s.
Caused by: NoSuchElementException: Unable to locate element: #username
at com.codeborne.selenide.impl.WebElementSource.createElementNotFoundError(WebElementSource.java:31)
at com.codeborne.selenide.impl.ElementFinder.createElementNotFoundError(ElementFinder.java:82)
at com.codeborne.selenide.impl.WebElementSource.checkCondition(WebElementSource.java:59)
at com.codeborne.selenide.impl.WebElementSource.findAndAssertElementIsVisible(WebElementSource.java:72)
at com.codeborne.selenide.commands.SetValue.execute(SetValue.java:21)
at com.codeborne.selenide.commands.SetValue.execute(SetValue.java:14)
at com.codeborne.selenide.commands.Commands.execute(Commands.java:144)
at com.codeborne.selenide.impl.SelenideElementProxy.dispatchAndRetry(SelenideElementProxy.java:87)
at com.codeborne.selenide.impl.SelenideElementProxy.invoke(SelenideElementProxy.java:63)
at com.sun.proxy.$Proxy3.setValue(Unknown Source)
at enterprise.Enterprise.st_activate_login(Enterprise.java:24)
at cjm.Test_12_Dashboard_link_Touchpoint.test12(Test_12_Dashboard_link_Touchpoint.java:23)
Caused by: org.openqa.selenium.NoSuchElementException: Unable to locate element: #username
For documentation on this error, please visit: http://seleniumhq.org/exceptions/no_such_element.html
Build info: version: '3.8.1', revision: '6e95a6684b', time: '2017-12-01T18:33:54.468Z'
System info: host: 'rpas', ip: '127.0.1.1', os.name: 'Linux', os.arch: 'amd64', os.version: '4.15.0-24-generic', java.version: '1.8.0_171'
Driver info: org.openqa.selenium.firefox.FirefoxDriver
Capabilities {acceptInsecureCerts: true, browserName: firefox, browserVersion: 61.0.1, javascriptEnabled: true, moz:accessibilityChecks: false, moz:headless: false, moz:processID: 18997, moz:profile: /tmp/rust_mozprofile.pD7is3..., moz:useNonSpecCompliantPointerOrigin: false, moz:webdriverClick: true, pageLoadStrategy: normal, platform: LINUX, platformName: LINUX, platformVersion: 4.15.0-24-generic, rotatable: false, timeouts: {implicit: 0, pageLoad: 300000, script: 30000}}
Session ID: 39345650-6f05-4a8d-87a2-af8d61aa7db4
*** Element info: {Using=css selector, value=#username}
at org.openqa.selenium.remote.http.W3CHttpResponseCodec.createException(W3CHttpResponseCodec.java:187)
at org.openqa.selenium.remote.http.W3CHttpResponseCodec.decode(W3CHttpResponseCodec.java:122)
at org.openqa.selenium.remote.http.W3CHttpResponseCodec.decode(W3CHttpResponseCodec.java:49)
at org.openqa.selenium.remote.HttpCommandExecutor.execute(HttpCommandExecutor.java:164)
at org.openqa.selenium.remote.service.DriverCommandExecutor.execute(DriverCommandExecutor.java:83)
at org.openqa.selenium.remote.RemoteWebDriver.execute(RemoteWebDriver.java:601)
at org.openqa.selenium.remote.RemoteWebDriver.findElement(RemoteWebDriver.java:371)
at org.openqa.selenium.remote.RemoteWebDriver.findElementByCssSelector(RemoteWebDriver.java:465)
at org.openqa.selenium.By$ByCssSelector.findElement(By.java:430)
at org.openqa.selenium.remote.RemoteWebDriver.findElement(RemoteWebDriver.java:363)
at com.codeborne.selenide.impl.WebElementSelector.findElement(WebElementSelector.java:29)
at com.codeborne.selenide.impl.ElementFinder.getWebElement(ElementFinder.java:56)
at com.codeborne.selenide.impl.WebElementSource.checkCondition(WebElementSource.java:44)
... 44 more
... Removed 38 stack frames]]>
    </failure>
  </testcase> <!-- test12 -->
  <testcase name="test6" time="5.764" classname="cjm.Test_6_Create_Touchpoint">
    <failure type="com.codeborne.selenide.ex.ElementNotFound" message="Element not found {#username}
Expected: visible">
      <![CDATA[Element not found {#username}
Expected: visible
Screenshot: file:/home/tester/IdeaProjects/SandSIV/build/reports/tests/1532002178010.2.png
Page source: file:/home/tester/IdeaProjects/SandSIV/build/reports/tests/1532002178010.2.html
Timeout: 4 s.
Caused by: NoSuchElementException: Unable to locate element: #username
at com.codeborne.selenide.impl.WebElementSource.createElementNotFoundError(WebElementSource.java:31)
at com.codeborne.selenide.impl.ElementFinder.createElementNotFoundError(ElementFinder.java:82)
at com.codeborne.selenide.impl.WebElementSource.checkCondition(WebElementSource.java:59)
at com.codeborne.selenide.impl.WebElementSource.findAndAssertElementIsVisible(WebElementSource.java:72)
at com.codeborne.selenide.commands.SetValue.execute(SetValue.java:21)
at com.codeborne.selenide.commands.SetValue.execute(SetValue.java:14)
at com.codeborne.selenide.commands.Commands.execute(Commands.java:144)
at com.codeborne.selenide.impl.SelenideElementProxy.dispatchAndRetry(SelenideElementProxy.java:87)
at com.codeborne.selenide.impl.SelenideElementProxy.invoke(SelenideElementProxy.java:63)
at com.sun.proxy.$Proxy3.setValue(Unknown Source)
at enterprise.Enterprise.st_activate_login(Enterprise.java:24)
at cjm.Test_6_Create_Touchpoint.test6(Test_6_Create_Touchpoint.java:19)
Caused by: org.openqa.selenium.NoSuchElementException: Unable to locate element: #username
For documentation on this error, please visit: http://seleniumhq.org/exceptions/no_such_element.html
Build info: version: '3.8.1', revision: '6e95a6684b', time: '2017-12-01T18:33:54.468Z'
System info: host: 'rpas', ip: '127.0.1.1', os.name: 'Linux', os.arch: 'amd64', os.version: '4.15.0-24-generic', java.version: '1.8.0_171'
Driver info: org.openqa.selenium.firefox.FirefoxDriver
Capabilities {acceptInsecureCerts: true, browserName: firefox, browserVersion: 61.0.1, javascriptEnabled: true, moz:accessibilityChecks: false, moz:headless: false, moz:processID: 18997, moz:profile: /tmp/rust_mozprofile.pD7is3..., moz:useNonSpecCompliantPointerOrigin: false, moz:webdriverClick: true, pageLoadStrategy: normal, platform: LINUX, platformName: LINUX, platformVersion: 4.15.0-24-generic, rotatable: false, timeouts: {implicit: 0, pageLoad: 300000, script: 30000}}
Session ID: 39345650-6f05-4a8d-87a2-af8d61aa7db4
*** Element info: {Using=css selector, value=#username}
at org.openqa.selenium.remote.http.W3CHttpResponseCodec.createException(W3CHttpResponseCodec.java:187)
at org.openqa.selenium.remote.http.W3CHttpResponseCodec.decode(W3CHttpResponseCodec.java:122)
at org.openqa.selenium.remote.http.W3CHttpResponseCodec.decode(W3CHttpResponseCodec.java:49)
at org.openqa.selenium.remote.HttpCommandExecutor.execute(HttpCommandExecutor.java:164)
at org.openqa.selenium.remote.service.DriverCommandExecutor.execute(DriverCommandExecutor.java:83)
at org.openqa.selenium.remote.RemoteWebDriver.execute(RemoteWebDriver.java:601)
at org.openqa.selenium.remote.RemoteWebDriver.findElement(RemoteWebDriver.java:371)
at org.openqa.selenium.remote.RemoteWebDriver.findElementByCssSelector(RemoteWebDriver.java:465)
at org.openqa.selenium.By$ByCssSelector.findElement(By.java:430)
at org.openqa.selenium.remote.RemoteWebDriver.findElement(RemoteWebDriver.java:363)
at com.codeborne.selenide.impl.WebElementSelector.findElement(WebElementSelector.java:29)
at com.codeborne.selenide.impl.ElementFinder.getWebElement(ElementFinder.java:56)
at com.codeborne.selenide.impl.WebElementSource.checkCondition(WebElementSource.java:44)
... 44 more
... Removed 38 stack frames]]>
    </failure>
  </testcase> <!-- test6 -->
  <testcase name="test_4" time="5.925" classname="cjm.Test_4_Delete_CJM">
    <failure type="com.codeborne.selenide.ex.ElementNotFound" message="Element not found {#username}
Expected: visible">
      <![CDATA[Element not found {#username}
Expected: visible
Screenshot: file:/home/tester/IdeaProjects/SandSIV/build/reports/tests/1532002183984.3.png
Page source: file:/home/tester/IdeaProjects/SandSIV/build/reports/tests/1532002183984.3.html
Timeout: 4 s.
Caused by: NoSuchElementException: Unable to locate element: #username
at com.codeborne.selenide.impl.WebElementSource.createElementNotFoundError(WebElementSource.java:31)
at com.codeborne.selenide.impl.ElementFinder.createElementNotFoundError(ElementFinder.java:82)
at com.codeborne.selenide.impl.WebElementSource.checkCondition(WebElementSource.java:59)
at com.codeborne.selenide.impl.WebElementSource.findAndAssertElementIsVisible(WebElementSource.java:72)
at com.codeborne.selenide.commands.SetValue.execute(SetValue.java:21)
at com.codeborne.selenide.commands.SetValue.execute(SetValue.java:14)
at com.codeborne.selenide.commands.Commands.execute(Commands.java:144)
at com.codeborne.selenide.impl.SelenideElementProxy.dispatchAndRetry(SelenideElementProxy.java:87)
at com.codeborne.selenide.impl.SelenideElementProxy.invoke(SelenideElementProxy.java:63)
at com.sun.proxy.$Proxy3.setValue(Unknown Source)
at enterprise.Enterprise.st_activate_login(Enterprise.java:24)
at cjm.Test_4_Delete_CJM.test_4(Test_4_Delete_CJM.java:20)
Caused by: org.openqa.selenium.NoSuchElementException: Unable to locate element: #username
For documentation on this error, please visit: http://seleniumhq.org/exceptions/no_such_element.html
Build info: version: '3.8.1', revision: '6e95a6684b', time: '2017-12-01T18:33:54.468Z'
System info: host: 'rpas', ip: '127.0.1.1', os.name: 'Linux', os.arch: 'amd64', os.version: '4.15.0-24-generic', java.version: '1.8.0_171'
Driver info: org.openqa.selenium.firefox.FirefoxDriver
Capabilities {acceptInsecureCerts: true, browserName: firefox, browserVersion: 61.0.1, javascriptEnabled: true, moz:accessibilityChecks: false, moz:headless: false, moz:processID: 18997, moz:profile: /tmp/rust_mozprofile.pD7is3..., moz:useNonSpecCompliantPointerOrigin: false, moz:webdriverClick: true, pageLoadStrategy: normal, platform: LINUX, platformName: LINUX, platformVersion: 4.15.0-24-generic, rotatable: false, timeouts: {implicit: 0, pageLoad: 300000, script: 30000}}
Session ID: 39345650-6f05-4a8d-87a2-af8d61aa7db4
*** Element info: {Using=css selector, value=#username}
at org.openqa.selenium.remote.http.W3CHttpResponseCodec.createException(W3CHttpResponseCodec.java:187)
at org.openqa.selenium.remote.http.W3CHttpResponseCodec.decode(W3CHttpResponseCodec.java:122)
at org.openqa.selenium.remote.http.W3CHttpResponseCodec.decode(W3CHttpResponseCodec.java:49)
at org.openqa.selenium.remote.HttpCommandExecutor.execute(HttpCommandExecutor.java:164)
at org.openqa.selenium.remote.service.DriverCommandExecutor.execute(DriverCommandExecutor.java:83)
at org.openqa.selenium.remote.RemoteWebDriver.execute(RemoteWebDriver.java:601)
at org.openqa.selenium.remote.RemoteWebDriver.findElement(RemoteWebDriver.java:371)
at org.openqa.selenium.remote.RemoteWebDriver.findElementByCssSelector(RemoteWebDriver.java:465)
at org.openqa.selenium.By$ByCssSelector.findElement(By.java:430)
at org.openqa.selenium.remote.RemoteWebDriver.findElement(RemoteWebDriver.java:363)
at com.codeborne.selenide.impl.WebElementSelector.findElement(WebElementSelector.java:29)
at com.codeborne.selenide.impl.ElementFinder.getWebElement(ElementFinder.java:56)
at com.codeborne.selenide.impl.WebElementSource.checkCondition(WebElementSource.java:44)
... 44 more
... Removed 38 stack frames]]>
    </failure>
  </testcase> <!-- test_4 -->
  <testcase name="test5" time="5.9" classname="cjm.Test_5_Delete_Default_CJM">
    <failure type="com.codeborne.selenide.ex.ElementNotFound" message="Element not found {#username}
Expected: visible">
      <![CDATA[Element not found {#username}
Expected: visible
Screenshot: file:/home/tester/IdeaProjects/SandSIV/build/reports/tests/1532002189913.4.png
Page source: file:/home/tester/IdeaProjects/SandSIV/build/reports/tests/1532002189913.4.html
Timeout: 4 s.
Caused by: NoSuchElementException: Unable to locate element: #username
at com.codeborne.selenide.impl.WebElementSource.createElementNotFoundError(WebElementSource.java:31)
at com.codeborne.selenide.impl.ElementFinder.createElementNotFoundError(ElementFinder.java:82)
at com.codeborne.selenide.impl.WebElementSource.checkCondition(WebElementSource.java:59)
at com.codeborne.selenide.impl.WebElementSource.findAndAssertElementIsVisible(WebElementSource.java:72)
at com.codeborne.selenide.commands.SetValue.execute(SetValue.java:21)
at com.codeborne.selenide.commands.SetValue.execute(SetValue.java:14)
at com.codeborne.selenide.commands.Commands.execute(Commands.java:144)
at com.codeborne.selenide.impl.SelenideElementProxy.dispatchAndRetry(SelenideElementProxy.java:87)
at com.codeborne.selenide.impl.SelenideElementProxy.invoke(SelenideElementProxy.java:63)
at com.sun.proxy.$Proxy3.setValue(Unknown Source)
at enterprise.Enterprise.st_activate_login(Enterprise.java:24)
at cjm.Test_5_Delete_Default_CJM.test5(Test_5_Delete_Default_CJM.java:18)
Caused by: org.openqa.selenium.NoSuchElementException: Unable to locate element: #username
For documentation on this error, please visit: http://seleniumhq.org/exceptions/no_such_element.html
Build info: version: '3.8.1', revision: '6e95a6684b', time: '2017-12-01T18:33:54.468Z'
System info: host: 'rpas', ip: '127.0.1.1', os.name: 'Linux', os.arch: 'amd64', os.version: '4.15.0-24-generic', java.version: '1.8.0_171'
Driver info: org.openqa.selenium.firefox.FirefoxDriver
Capabilities {acceptInsecureCerts: true, browserName: firefox, browserVersion: 61.0.1, javascriptEnabled: true, moz:accessibilityChecks: false, moz:headless: false, moz:processID: 18997, moz:profile: /tmp/rust_mozprofile.pD7is3..., moz:useNonSpecCompliantPointerOrigin: false, moz:webdriverClick: true, pageLoadStrategy: normal, platform: LINUX, platformName: LINUX, platformVersion: 4.15.0-24-generic, rotatable: false, timeouts: {implicit: 0, pageLoad: 300000, script: 30000}}
Session ID: 39345650-6f05-4a8d-87a2-af8d61aa7db4
*** Element info: {Using=css selector, value=#username}
at org.openqa.selenium.remote.http.W3CHttpResponseCodec.createException(W3CHttpResponseCodec.java:187)
at org.openqa.selenium.remote.http.W3CHttpResponseCodec.decode(W3CHttpResponseCodec.java:122)
at org.openqa.selenium.remote.http.W3CHttpResponseCodec.decode(W3CHttpResponseCodec.java:49)
at org.openqa.selenium.remote.HttpCommandExecutor.execute(HttpCommandExecutor.java:164)
at org.openqa.selenium.remote.service.DriverCommandExecutor.execute(DriverCommandExecutor.java:83)
at org.openqa.selenium.remote.RemoteWebDriver.execute(RemoteWebDriver.java:601)
at org.openqa.selenium.remote.RemoteWebDriver.findElement(RemoteWebDriver.java:371)
at org.openqa.selenium.remote.RemoteWebDriver.findElementByCssSelector(RemoteWebDriver.java:465)
at org.openqa.selenium.By$ByCssSelector.findElement(By.java:430)
at org.openqa.selenium.remote.RemoteWebDriver.findElement(RemoteWebDriver.java:363)
at com.codeborne.selenide.impl.WebElementSelector.findElement(WebElementSelector.java:29)
at com.codeborne.selenide.impl.ElementFinder.getWebElement(ElementFinder.java:56)
at com.codeborne.selenide.impl.WebElementSource.checkCondition(WebElementSource.java:44)
... 44 more
... Removed 38 stack frames]]>
    </failure>
  </testcase> <!-- test5 -->
  <testcase name="test_1" time="5.82" classname="cjm.Test_1_Create_CJM">
    <failure type="com.codeborne.selenide.ex.ElementNotFound" message="Element not found {#username}
Expected: visible">
      <![CDATA[Element not found {#username}
Expected: visible
Screenshot: file:/home/tester/IdeaProjects/SandSIV/build/reports/tests/1532002195679.5.png
Page source: file:/home/tester/IdeaProjects/SandSIV/build/reports/tests/1532002195679.5.html
Timeout: 4 s.
Caused by: NoSuchElementException: Unable to locate element: #username
at com.codeborne.selenide.impl.WebElementSource.createElementNotFoundError(WebElementSource.java:31)
at com.codeborne.selenide.impl.ElementFinder.createElementNotFoundError(ElementFinder.java:82)
at com.codeborne.selenide.impl.WebElementSource.checkCondition(WebElementSource.java:59)
at com.codeborne.selenide.impl.WebElementSource.findAndAssertElementIsVisible(WebElementSource.java:72)
at com.codeborne.selenide.commands.SetValue.execute(SetValue.java:21)
at com.codeborne.selenide.commands.SetValue.execute(SetValue.java:14)
at com.codeborne.selenide.commands.Commands.execute(Commands.java:144)
at com.codeborne.selenide.impl.SelenideElementProxy.dispatchAndRetry(SelenideElementProxy.java:87)
at com.codeborne.selenide.impl.SelenideElementProxy.invoke(SelenideElementProxy.java:63)
at com.sun.proxy.$Proxy3.setValue(Unknown Source)
at enterprise.Enterprise.st_activate_login(Enterprise.java:24)
at cjm.Test_1_Create_CJM.test_1(Test_1_Create_CJM.java:19)
Caused by: org.openqa.selenium.NoSuchElementException: Unable to locate element: #username
For documentation on this error, please visit: http://seleniumhq.org/exceptions/no_such_element.html
Build info: version: '3.8.1', revision: '6e95a6684b', time: '2017-12-01T18:33:54.468Z'
System info: host: 'rpas', ip: '127.0.1.1', os.name: 'Linux', os.arch: 'amd64', os.version: '4.15.0-24-generic', java.version: '1.8.0_171'
Driver info: org.openqa.selenium.firefox.FirefoxDriver
Capabilities {acceptInsecureCerts: true, browserName: firefox, browserVersion: 61.0.1, javascriptEnabled: true, moz:accessibilityChecks: false, moz:headless: false, moz:processID: 18997, moz:profile: /tmp/rust_mozprofile.pD7is3..., moz:useNonSpecCompliantPointerOrigin: false, moz:webdriverClick: true, pageLoadStrategy: normal, platform: LINUX, platformName: LINUX, platformVersion: 4.15.0-24-generic, rotatable: false, timeouts: {implicit: 0, pageLoad: 300000, script: 30000}}
Session ID: 39345650-6f05-4a8d-87a2-af8d61aa7db4
*** Element info: {Using=css selector, value=#username}
at org.openqa.selenium.remote.http.W3CHttpResponseCodec.createException(W3CHttpResponseCodec.java:187)
at org.openqa.selenium.remote.http.W3CHttpResponseCodec.decode(W3CHttpResponseCodec.java:122)
at org.openqa.selenium.remote.http.W3CHttpResponseCodec.decode(W3CHttpResponseCodec.java:49)
at org.openqa.selenium.remote.HttpCommandExecutor.execute(HttpCommandExecutor.java:164)
at org.openqa.selenium.remote.service.DriverCommandExecutor.execute(DriverCommandExecutor.java:83)
at org.openqa.selenium.remote.RemoteWebDriver.execute(RemoteWebDriver.java:601)
at org.openqa.selenium.remote.RemoteWebDriver.findElement(RemoteWebDriver.java:371)
at org.openqa.selenium.remote.RemoteWebDriver.findElementByCssSelector(RemoteWebDriver.java:465)
at org.openqa.selenium.By$ByCssSelector.findElement(By.java:430)
at org.openqa.selenium.remote.RemoteWebDriver.findElement(RemoteWebDriver.java:363)
at com.codeborne.selenide.impl.WebElementSelector.findElement(WebElementSelector.java:29)
at com.codeborne.selenide.impl.ElementFinder.getWebElement(ElementFinder.java:56)
at com.codeborne.selenide.impl.WebElementSource.checkCondition(WebElementSource.java:44)
... 44 more
... Removed 38 stack frames]]>
    </failure>
  </testcase> <!-- test_1 -->
  <testcase name="test8" time="5.768" classname="cjm.Test_8_Update_Touchpoint">
    <failure type="com.codeborne.selenide.ex.ElementNotFound" message="Element not found {#username}
Expected: visible">
      <![CDATA[Element not found {#username}
Expected: visible
Screenshot: file:/home/tester/IdeaProjects/SandSIV/build/reports/tests/1532002201501.6.png
Page source: file:/home/tester/IdeaProjects/SandSIV/build/reports/tests/1532002201501.6.html
Timeout: 4 s.
Caused by: NoSuchElementException: Unable to locate element: #username
at com.codeborne.selenide.impl.WebElementSource.createElementNotFoundError(WebElementSource.java:31)
at com.codeborne.selenide.impl.ElementFinder.createElementNotFoundError(ElementFinder.java:82)
at com.codeborne.selenide.impl.WebElementSource.checkCondition(WebElementSource.java:59)
at com.codeborne.selenide.impl.WebElementSource.findAndAssertElementIsVisible(WebElementSource.java:72)
at com.codeborne.selenide.commands.SetValue.execute(SetValue.java:21)
at com.codeborne.selenide.commands.SetValue.execute(SetValue.java:14)
at com.codeborne.selenide.commands.Commands.execute(Commands.java:144)
at com.codeborne.selenide.impl.SelenideElementProxy.dispatchAndRetry(SelenideElementProxy.java:87)
at com.codeborne.selenide.impl.SelenideElementProxy.invoke(SelenideElementProxy.java:63)
at com.sun.proxy.$Proxy3.setValue(Unknown Source)
at enterprise.Enterprise.st_activate_login(Enterprise.java:24)
at cjm.Test_8_Update_Touchpoint.test8(Test_8_Update_Touchpoint.java:23)
Caused by: org.openqa.selenium.NoSuchElementException: Unable to locate element: #username
For documentation on this error, please visit: http://seleniumhq.org/exceptions/no_such_element.html
Build info: version: '3.8.1', revision: '6e95a6684b', time: '2017-12-01T18:33:54.468Z'
System info: host: 'rpas', ip: '127.0.1.1', os.name: 'Linux', os.arch: 'amd64', os.version: '4.15.0-24-generic', java.version: '1.8.0_171'
Driver info: org.openqa.selenium.firefox.FirefoxDriver
Capabilities {acceptInsecureCerts: true, browserName: firefox, browserVersion: 61.0.1, javascriptEnabled: true, moz:accessibilityChecks: false, moz:headless: false, moz:processID: 18997, moz:profile: /tmp/rust_mozprofile.pD7is3..., moz:useNonSpecCompliantPointerOrigin: false, moz:webdriverClick: true, pageLoadStrategy: normal, platform: LINUX, platformName: LINUX, platformVersion: 4.15.0-24-generic, rotatable: false, timeouts: {implicit: 0, pageLoad: 300000, script: 30000}}
Session ID: 39345650-6f05-4a8d-87a2-af8d61aa7db4
*** Element info: {Using=css selector, value=#username}
at org.openqa.selenium.remote.http.W3CHttpResponseCodec.createException(W3CHttpResponseCodec.java:187)
at org.openqa.selenium.remote.http.W3CHttpResponseCodec.decode(W3CHttpResponseCodec.java:122)
at org.openqa.selenium.remote.http.W3CHttpResponseCodec.decode(W3CHttpResponseCodec.java:49)
at org.openqa.selenium.remote.HttpCommandExecutor.execute(HttpCommandExecutor.java:164)
at org.openqa.selenium.remote.service.DriverCommandExecutor.execute(DriverCommandExecutor.java:83)
at org.openqa.selenium.remote.RemoteWebDriver.execute(RemoteWebDriver.java:601)
at org.openqa.selenium.remote.RemoteWebDriver.findElement(RemoteWebDriver.java:371)
at org.openqa.selenium.remote.RemoteWebDriver.findElementByCssSelector(RemoteWebDriver.java:465)
at org.openqa.selenium.By$ByCssSelector.findElement(By.java:430)
at org.openqa.selenium.remote.RemoteWebDriver.findElement(RemoteWebDriver.java:363)
at com.codeborne.selenide.impl.WebElementSelector.findElement(WebElementSelector.java:29)
at com.codeborne.selenide.impl.ElementFinder.getWebElement(ElementFinder.java:56)
at com.codeborne.selenide.impl.WebElementSource.checkCondition(WebElementSource.java:44)
... 44 more
... Removed 38 stack frames]]>
    </failure>
  </testcase> <!-- test8 -->
  <testcase name="test_2" time="5.853" classname="cjm.Test_2_Read_CJM">
    <failure type="com.codeborne.selenide.ex.ElementNotFound" message="Element not found {#username}
Expected: visible">
      <![CDATA[Element not found {#username}
Expected: visible
Screenshot: file:/home/tester/IdeaProjects/SandSIV/build/reports/tests/1532002207305.7.png
Page source: file:/home/tester/IdeaProjects/SandSIV/build/reports/tests/1532002207305.7.html
Timeout: 4 s.
Caused by: NoSuchElementException: Unable to locate element: #username
at com.codeborne.selenide.impl.WebElementSource.createElementNotFoundError(WebElementSource.java:31)
at com.codeborne.selenide.impl.ElementFinder.createElementNotFoundError(ElementFinder.java:82)
at com.codeborne.selenide.impl.WebElementSource.checkCondition(WebElementSource.java:59)
at com.codeborne.selenide.impl.WebElementSource.findAndAssertElementIsVisible(WebElementSource.java:72)
at com.codeborne.selenide.commands.SetValue.execute(SetValue.java:21)
at com.codeborne.selenide.commands.SetValue.execute(SetValue.java:14)
at com.codeborne.selenide.commands.Commands.execute(Commands.java:144)
at com.codeborne.selenide.impl.SelenideElementProxy.dispatchAndRetry(SelenideElementProxy.java:87)
at com.codeborne.selenide.impl.SelenideElementProxy.invoke(SelenideElementProxy.java:63)
at com.sun.proxy.$Proxy3.setValue(Unknown Source)
at enterprise.Enterprise.st_activate_login(Enterprise.java:24)
at cjm.Test_2_Read_CJM.test_2(Test_2_Read_CJM.java:19)
Caused by: org.openqa.selenium.NoSuchElementException: Unable to locate element: #username
For documentation on this error, please visit: http://seleniumhq.org/exceptions/no_such_element.html
Build info: version: '3.8.1', revision: '6e95a6684b', time: '2017-12-01T18:33:54.468Z'
System info: host: 'rpas', ip: '127.0.1.1', os.name: 'Linux', os.arch: 'amd64', os.version: '4.15.0-24-generic', java.version: '1.8.0_171'
Driver info: org.openqa.selenium.firefox.FirefoxDriver
Capabilities {acceptInsecureCerts: true, browserName: firefox, browserVersion: 61.0.1, javascriptEnabled: true, moz:accessibilityChecks: false, moz:headless: false, moz:processID: 18997, moz:profile: /tmp/rust_mozprofile.pD7is3..., moz:useNonSpecCompliantPointerOrigin: false, moz:webdriverClick: true, pageLoadStrategy: normal, platform: LINUX, platformName: LINUX, platformVersion: 4.15.0-24-generic, rotatable: false, timeouts: {implicit: 0, pageLoad: 300000, script: 30000}}
Session ID: 39345650-6f05-4a8d-87a2-af8d61aa7db4
*** Element info: {Using=css selector, value=#username}
at org.openqa.selenium.remote.http.W3CHttpResponseCodec.createException(W3CHttpResponseCodec.java:187)
at org.openqa.selenium.remote.http.W3CHttpResponseCodec.decode(W3CHttpResponseCodec.java:122)
at org.openqa.selenium.remote.http.W3CHttpResponseCodec.decode(W3CHttpResponseCodec.java:49)
at org.openqa.selenium.remote.HttpCommandExecutor.execute(HttpCommandExecutor.java:164)
at org.openqa.selenium.remote.service.DriverCommandExecutor.execute(DriverCommandExecutor.java:83)
at org.openqa.selenium.remote.RemoteWebDriver.execute(RemoteWebDriver.java:601)
at org.openqa.selenium.remote.RemoteWebDriver.findElement(RemoteWebDriver.java:371)
at org.openqa.selenium.remote.RemoteWebDriver.findElementByCssSelector(RemoteWebDriver.java:465)
at org.openqa.selenium.By$ByCssSelector.findElement(By.java:430)
at org.openqa.selenium.remote.RemoteWebDriver.findElement(RemoteWebDriver.java:363)
at com.codeborne.selenide.impl.WebElementSelector.findElement(WebElementSelector.java:29)
at com.codeborne.selenide.impl.ElementFinder.getWebElement(ElementFinder.java:56)
at com.codeborne.selenide.impl.WebElementSource.checkCondition(WebElementSource.java:44)
... 44 more
... Removed 38 stack frames]]>
    </failure>
  </testcase> <!-- test_2 -->
  <testcase name="test9" time="5.736" classname="cjm.Test_9_Delete_Touchpoint">
    <failure type="com.codeborne.selenide.ex.ElementNotFound" message="Element not found {#username}
Expected: visible">
      <![CDATA[Element not found {#username}
Expected: visible
Screenshot: file:/home/tester/IdeaProjects/SandSIV/build/reports/tests/1532002213094.8.png
Page source: file:/home/tester/IdeaProjects/SandSIV/build/reports/tests/1532002213094.8.html
Timeout: 4 s.
Caused by: NoSuchElementException: Unable to locate element: #username
at com.codeborne.selenide.impl.WebElementSource.createElementNotFoundError(WebElementSource.java:31)
at com.codeborne.selenide.impl.ElementFinder.createElementNotFoundError(ElementFinder.java:82)
at com.codeborne.selenide.impl.WebElementSource.checkCondition(WebElementSource.java:59)
at com.codeborne.selenide.impl.WebElementSource.findAndAssertElementIsVisible(WebElementSource.java:72)
at com.codeborne.selenide.commands.SetValue.execute(SetValue.java:21)
at com.codeborne.selenide.commands.SetValue.execute(SetValue.java:14)
at com.codeborne.selenide.commands.Commands.execute(Commands.java:144)
at com.codeborne.selenide.impl.SelenideElementProxy.dispatchAndRetry(SelenideElementProxy.java:87)
at com.codeborne.selenide.impl.SelenideElementProxy.invoke(SelenideElementProxy.java:63)
at com.sun.proxy.$Proxy3.setValue(Unknown Source)
at enterprise.Enterprise.st_activate_login(Enterprise.java:24)
at cjm.Test_9_Delete_Touchpoint.test9(Test_9_Delete_Touchpoint.java:23)
Caused by: org.openqa.selenium.NoSuchElementException: Unable to locate element: #username
For documentation on this error, please visit: http://seleniumhq.org/exceptions/no_such_element.html
Build info: version: '3.8.1', revision: '6e95a6684b', time: '2017-12-01T18:33:54.468Z'
System info: host: 'rpas', ip: '127.0.1.1', os.name: 'Linux', os.arch: 'amd64', os.version: '4.15.0-24-generic', java.version: '1.8.0_171'
Driver info: org.openqa.selenium.firefox.FirefoxDriver
Capabilities {acceptInsecureCerts: true, browserName: firefox, browserVersion: 61.0.1, javascriptEnabled: true, moz:accessibilityChecks: false, moz:headless: false, moz:processID: 18997, moz:profile: /tmp/rust_mozprofile.pD7is3..., moz:useNonSpecCompliantPointerOrigin: false, moz:webdriverClick: true, pageLoadStrategy: normal, platform: LINUX, platformName: LINUX, platformVersion: 4.15.0-24-generic, rotatable: false, timeouts: {implicit: 0, pageLoad: 300000, script: 30000}}
Session ID: 39345650-6f05-4a8d-87a2-af8d61aa7db4
*** Element info: {Using=css selector, value=#username}
at org.openqa.selenium.remote.http.W3CHttpResponseCodec.createException(W3CHttpResponseCodec.java:187)
at org.openqa.selenium.remote.http.W3CHttpResponseCodec.decode(W3CHttpResponseCodec.java:122)
at org.openqa.selenium.remote.http.W3CHttpResponseCodec.decode(W3CHttpResponseCodec.java:49)
at org.openqa.selenium.remote.HttpCommandExecutor.execute(HttpCommandExecutor.java:164)
at org.openqa.selenium.remote.service.DriverCommandExecutor.execute(DriverCommandExecutor.java:83)
at org.openqa.selenium.remote.RemoteWebDriver.execute(RemoteWebDriver.java:601)
at org.openqa.selenium.remote.RemoteWebDriver.findElement(RemoteWebDriver.java:371)
at org.openqa.selenium.remote.RemoteWebDriver.findElementByCssSelector(RemoteWebDriver.java:465)
at org.openqa.selenium.By$ByCssSelector.findElement(By.java:430)
at org.openqa.selenium.remote.RemoteWebDriver.findElement(RemoteWebDriver.java:363)
at com.codeborne.selenide.impl.WebElementSelector.findElement(WebElementSelector.java:29)
at com.codeborne.selenide.impl.ElementFinder.getWebElement(ElementFinder.java:56)
at com.codeborne.selenide.impl.WebElementSource.checkCondition(WebElementSource.java:44)
... 44 more
... Removed 38 stack frames]]>
    </failure>
  </testcase> <!-- test9 -->
</testsuite> <!-- Command line test -->
